Retrieving logs for app [36;1mpingkalev[0m in org [36;1mkalev[0m / space [36;1mdevelopment[0m as [36;1mkalevvv@gmail.com[0m...

   2017-11-13T15:32:39.03+0200 [API/15] OUT Created app with guid 517b00f1-2d92-418e-b7d1-d1463d4bca94
   2017-11-13T15:32:42.82+0200 [API/16] OUT Updated app with guid 517b00f1-2d92-418e-b7d1-d1463d4bca94 ({"route"=>"42207df6-782d-4e26-ab68-696afd582c7f", :verb=>"add", :relation=>"routes", :related_guid=>"42207df6-782d-4e26-ab68-696afd582c7f"})
   2017-11-13T15:32:57.32+0200 [API/14] OUT Uploading bits for app with guid 517b00f1-2d92-418e-b7d1-d1463d4bca94
   2017-11-13T15:33:09.47+0200 [API/13] OUT Creating build for app with guid 517b00f1-2d92-418e-b7d1-d1463d4bca94
   2017-11-13T15:33:10.18+0200 [API/13] OUT Updated app with guid 517b00f1-2d92-418e-b7d1-d1463d4bca94 ({"state"=>"STARTED"})
   2017-11-13T15:33:10.33+0200 [STG/0] OUT Downloading binary_buildpack...
   2017-11-13T15:33:10.33+0200 [STG/0] OUT Downloading nodejs_buildpack...
   2017-11-13T15:33:10.33+0200 [STG/0] OUT Downloading go_buildpack...
   2017-11-13T15:33:10.33+0200 [STG/0] OUT Downloading php_buildpack...
   2017-11-13T15:33:10.33+0200 [STG/0] OUT Downloading dotnet_core_buildpack...
   2017-11-13T15:33:10.39+0200 [STG/0] OUT Downloaded php_buildpack
   2017-11-13T15:33:10.39+0200 [STG/0] OUT Downloading dotnet_core_buildpack_beta...
   2017-11-13T15:33:10.39+0200 [STG/0] OUT Downloaded binary_buildpack
   2017-11-13T15:33:10.39+0200 [STG/0] OUT Downloading python_buildpack...
   2017-11-13T15:33:10.39+0200 [STG/0] OUT Downloaded nodejs_buildpack
   2017-11-13T15:33:10.39+0200 [STG/0] OUT Downloading staticfile_buildpack...
   2017-11-13T15:33:10.39+0200 [STG/0] OUT Downloaded dotnet_core_buildpack
   2017-11-13T15:33:10.40+0200 [STG/0] OUT Downloaded go_buildpack
   2017-11-13T15:33:10.40+0200 [STG/0] OUT Downloading java_buildpack...
   2017-11-13T15:33:10.41+0200 [STG/0] OUT Downloading ruby_buildpack...
   2017-11-13T15:33:10.43+0200 [STG/0] OUT Downloaded staticfile_buildpack
   2017-11-13T15:33:10.44+0200 [STG/0] OUT Downloaded ruby_buildpack
   2017-11-13T15:33:10.46+0200 [STG/0] OUT Downloaded python_buildpack
   2017-11-13T15:33:10.46+0200 [STG/0] OUT Downloaded java_buildpack
   2017-11-13T15:33:10.49+0200 [STG/0] OUT Downloaded dotnet_core_buildpack_beta
   2017-11-13T15:33:10.49+0200 [STG/0] OUT Creating container
   2017-11-13T15:33:10.97+0200 [STG/0] OUT Successfully created container
   2017-11-13T15:33:10.98+0200 [STG/0] OUT Downloading app package...
   2017-11-13T15:33:12.36+0200 [STG/0] OUT Downloaded app package (24.3M)
   2017-11-13T15:33:16.43+0200 [STG/0] OUT [1m[31m----->[0m[22m [1m[34mJava Buildpack[0m[22m [34mv4.5[0m [34m(offline)[0m | https://github.com/cloudfoundry/java-buildpack.git#ffeefb9
   2017-11-13T15:33:16.67+0200 [STG/0] OUT [1m[31m----->[0m[22m Downloading [1m[34mJvmkill Agent[0m[22m [34m1.10.0_RELEASE[0m from https://java-buildpack.cloudfoundry.org/jvmkill/trusty/x86_64/jvmkill-1.10.0_RELEASE.so [3m[32m(found in cache)[0m[23m
   2017-11-13T15:33:16.67+0200 [STG/0] OUT [1m[31m----->[0m[22m Downloading [1m[34mOpen Jdk JRE[0m[22m [34m1.8.0_141[0m from https://java-buildpack.cloudfoundry.org/openjdk/trusty/x86_64/openjdk-1.8.0_141.tar.gz [3m[32m(found in cache)[0m[23m
   2017-11-13T15:33:17.90+0200 [STG/0] OUT        Expanding Open Jdk JRE to .java-buildpack/open_jdk_jre [3m[32m(1.2s)[0m[23m
   2017-11-13T15:33:17.90+0200 [STG/0] OUT [1m[31m----->[0m[22m Downloading [1m[34mOpen JDK Like Memory Calculator[0m[22m [34m3.9.0_RELEASE[0m from https://java-buildpack.cloudfoundry.org/memory-calculator/trusty/x86_64/memory-calculator-3.9.0_RELEASE.tar.gz [3m[32m(found in cache)[0m[23m
   2017-11-13T15:33:18.69+0200 [STG/0] OUT        Loaded Classes: 15834, Threads: 300
   2017-11-13T15:33:18.70+0200 [STG/0] OUT [1m[31m----->[0m[22m Downloading [1m[34mClient Certificate Mapper[0m[22m [34m1.2.0_RELEASE[0m from https://java-buildpack.cloudfoundry.org/client-certificate-mapper/client-certificate-mapper-1.2.0_RELEASE.jar [3m[32m(found in cache)[0m[23m
   2017-11-13T15:33:18.71+0200 [STG/0] OUT [1m[31m----->[0m[22m Downloading [1m[34mContainer Security Provider[0m[22m [34m1.8.0_RELEASE[0m from https://java-buildpack.cloudfoundry.org/container-security-provider/container-security-provider-1.8.0_RELEASE.jar [3m[32m(found in cache)[0m[23m
   2017-11-13T15:33:18.71+0200 [STG/0] OUT [1m[31m----->[0m[22m Downloading [1m[34mSpring Auto Reconfiguration[0m[22m [34m1.12.0_RELEASE[0m from https://java-buildpack.cloudfoundry.org/auto-reconfiguration/auto-reconfiguration-1.12.0_RELEASE.jar [3m[32m(found in cache)[0m[23m
   2017-11-13T15:33:30.05+0200 [STG/0] OUT Exit status 0
   2017-11-13T15:33:30.05+0200 [STG/0] OUT Uploading droplet, build artifacts cache...
   2017-11-13T15:33:30.05+0200 [STG/0] OUT Uploading build artifacts cache...
   2017-11-13T15:33:30.05+0200 [STG/0] OUT Uploading droplet...
   2017-11-13T15:33:30.09+0200 [STG/0] OUT Uploaded build artifacts cache (130B)
   2017-11-13T15:33:31.29+0200 [API/1] OUT Creating droplet for app with guid 517b00f1-2d92-418e-b7d1-d1463d4bca94
   2017-11-13T15:33:36.51+0200 [STG/0] OUT Uploaded droplet (70.7M)
   2017-11-13T15:33:36.54+0200 [STG/0] OUT Uploading complete
   2017-11-13T15:33:36.57+0200 [STG/0] OUT Stopping instance d00bcb13-dc7c-4038-ba6b-0c85a1ff4f7c
   2017-11-13T15:33:36.57+0200 [STG/0] OUT Destroying container
   2017-11-13T15:33:36.89+0200 [CELL/0] OUT Creating container
   2017-11-13T15:33:37.48+0200 [CELL/0] OUT Successfully created container
   2017-11-13T15:33:39.40+0200 [STG/0] OUT Successfully destroyed container
   2017-11-13T15:33:41.28+0200 [CELL/0] OUT Starting health monitoring of container
   2017-11-13T15:33:41.39+0200 [APP/PROC/WEB/0] OUT JVM Memory Configuration: -XX:MaxDirectMemorySize=10M -XX:MaxMetaspaceSize=107378K -XX:ReservedCodeCacheSize=240M -XX:CompressedClassSpaceSize=19121K -Xss1M -Xmx358876K
   2017-11-13T15:33:44.32+0200 [APP/PROC/WEB/0] OUT   .   ____          _            __ _ _
   2017-11-13T15:33:44.32+0200 [APP/PROC/WEB/0] OUT  /\\ / ___'_ __ _ _(_)_ __  __ _ \ \ \ \
   2017-11-13T15:33:44.32+0200 [APP/PROC/WEB/0] OUT ( ( )\___ | '_ | '_| | '_ \/ _` | \ \ \ \
   2017-11-13T15:33:44.32+0200 [APP/PROC/WEB/0] OUT  \\/  ___)| |_)| | | | | || (_| |  ) ) ) )
   2017-11-13T15:33:44.32+0200 [APP/PROC/WEB/0] OUT   '  |____| .__|_| |_|_| |_\__, | / / / /
   2017-11-13T15:33:44.32+0200 [APP/PROC/WEB/0] OUT  =========|_|==============|___/=/_/_/_/
   2017-11-13T15:33:44.32+0200 [APP/PROC/WEB/0] OUT  :: Spring Boot ::        (v1.5.8.RELEASE)
   2017-11-13T15:33:44.70+0200 [APP/PROC/WEB/0] OUT 2017-11-13 13:33:44.690  INFO 23 --- [           main] pertySourceApplicationContextInitializer : Adding 'cloud' PropertySource to ApplicationContext
   2017-11-13T15:33:44.99+0200 [APP/PROC/WEB/0] OUT 2017-11-13 13:33:44.991  INFO 23 --- [           main] nfigurationApplicationContextInitializer : Adding cloud service auto-reconfiguration to ApplicationContext
   2017-11-13T15:33:45.02+0200 [APP/PROC/WEB/0] OUT 2017-11-13 13:33:45.028  INFO 23 --- [           main] c.g.kalev181.app.StockSpringBootStarter  : Starting StockSpringBootStarter on 2c01bbbc-6243-4c20-434c-6206 with PID 23 (/home/vcap/app/BOOT-INF/classes started by vcap in /home/vcap/app)
   2017-11-13T15:33:45.02+0200 [APP/PROC/WEB/0] OUT 2017-11-13 13:33:45.029  INFO 23 --- [           main] c.g.kalev181.app.StockSpringBootStarter  : The following profiles are active: cloud
   2017-11-13T15:33:45.20+0200 [APP/PROC/WEB/0] OUT 2017-11-13 13:33:45.197  INFO 23 --- [           main] ationConfigEmbeddedWebApplicationContext : Refreshing org.springframework.boot.context.embedded.AnnotationConfigEmbeddedWebApplicationContext@49c2faae: startup date [Mon Nov 13 13:33:45 UTC 2017]; root of context hierarchy
   2017-11-13T15:33:46.97+0200 [APP/PROC/WEB/0] OUT 2017-11-13 13:33:46.967  INFO 23 --- [           main] urceCloudServiceBeanFactoryPostProcessor : Auto-reconfiguring beans of type javax.sql.DataSource
   2017-11-13T15:33:47.01+0200 [APP/PROC/WEB/0] OUT 2017-11-13 13:33:47.008  INFO 23 --- [           main] o.c.r.o.s.c.s.r.PooledDataSourceCreator  : Found Tomcat JDBC connection pool on the classpath. Using it for DataSource connection pooling.
   2017-11-13T15:33:47.08+0200 [APP/PROC/WEB/0] OUT 2017-11-13 13:33:47.082  INFO 23 --- [           main] nateCloudServiceBeanFactoryPostProcessor : Auto-reconfiguring beans of type org.springframework.orm.hibernate3.AbstractSessionFactoryBean
   2017-11-13T15:33:47.08+0200 [APP/PROC/WEB/0] OUT 2017-11-13 13:33:47.085  INFO 23 --- [           main] nateCloudServiceBeanFactoryPostProcessor : Auto-reconfiguring beans of type org.springframework.orm.hibernate4.LocalSessionFactoryBean
   2017-11-13T15:33:47.08+0200 [APP/PROC/WEB/0] OUT 2017-11-13 13:33:47.086  INFO 23 --- [           main] .JpaCloudServiceBeanFactoryPostProcessor : Auto-reconfiguring beans of type org.springframework.orm.jpa.AbstractEntityManagerFactoryBean
   2017-11-13T15:33:48.21+0200 [APP/PROC/WEB/0] OUT 2017-11-13 13:33:48.214  INFO 23 --- [           main] s.b.c.e.t.TomcatEmbeddedServletContainer : Tomcat initialized with port(s): 8080 (http)
   2017-11-13T15:33:48.23+0200 [APP/PROC/WEB/0] OUT 2017-11-13 13:33:48.236  INFO 23 --- [           main] o.apache.catalina.core.StandardService   : Starting service [Tomcat]
   2017-11-13T15:33:48.23+0200 [APP/PROC/WEB/0] OUT 2017-11-13 13:33:48.239  INFO 23 --- [           main] org.apache.catalina.core.StandardEngine  : Starting Servlet Engine: Apache Tomcat/8.5.23
   2017-11-13T15:33:48.70+0200 [APP/PROC/WEB/0] OUT 2017-11-13 13:33:48.698  INFO 23 --- [ost-startStop-1] o.s.b.w.servlet.FilterRegistrationBean   : Mapping filter: 'characterEncodingFilter' to: [/*]
   2017-11-13T15:33:48.70+0200 [APP/PROC/WEB/0] OUT 2017-11-13 13:33:48.699  INFO 23 --- [ost-startStop-1] o.s.b.w.servlet.FilterRegistrationBean   : Mapping filter: 'hiddenHttpMethodFilter' to: [/*]
   2017-11-13T15:33:48.70+0200 [APP/PROC/WEB/0] OUT 2017-11-13 13:33:48.699  INFO 23 --- [ost-startStop-1] o.s.b.w.servlet.FilterRegistrationBean   : Mapping filter: 'httpPutFormContentFilter' to: [/*]
   2017-11-13T15:33:48.70+0200 [APP/PROC/WEB/0] OUT 2017-11-13 13:33:48.699  INFO 23 --- [ost-startStop-1] o.s.b.w.servlet.FilterRegistrationBean   : Mapping filter: 'requestContextFilter' to: [/*]
   2017-11-13T15:33:48.70+0200 [APP/PROC/WEB/0] OUT 2017-11-13 13:33:48.699  INFO 23 --- [ost-startStop-1] o.s.b.w.servlet.ServletRegistrationBean  : Mapping servlet: 'dispatcherServlet' to [/]
   2017-11-13T15:33:48.83+0200 [APP/PROC/WEB/0] OUT 2017-11-13 13:33:48.833  INFO 23 --- [           main] o.f.core.internal.util.VersionPrinter    : Flyway 3.2.1 by Boxfuse
   2017-11-13T15:33:48.84+0200 [APP/PROC/WEB/0] OUT 2017-11-13 13:33:48.842  WARN 23 --- [           main] o.a.tomcat.jdbc.pool.ConnectionPool      : maxIdle is larger than maxActive, setting maxIdle to: 4
   2017-11-13T15:33:49.25+0200 [APP/PROC/WEB/0] OUT 2017-11-13 13:33:49.249  INFO 23 --- [           main] o.f.c.i.dbsupport.DbSupportFactory       : Database: jdbc:mysql://us-cdbr-iron-east-05.cleardb.net/ad_b9a7bdab61ddf4d?user=b41df7f008027e&password=b708d292 (MySQL 5.6)
   2017-11-13T15:33:49.30+0200 [APP/PROC/WEB/0] OUT 2017-11-13 13:33:49.300  INFO 23 --- [           main] o.f.core.internal.command.DbValidate     : Validated 1 migration (execution time 00:00.023s)
   2017-11-13T15:33:49.37+0200 [APP/PROC/WEB/0] OUT 2017-11-13 13:33:49.377  INFO 23 --- [           main] o.f.c.i.metadatatable.MetaDataTableImpl  : Creating Metadata table: `ad_b9a7bdab61ddf4d`.`schema_version`
   2017-11-13T15:33:49.52+0200 [APP/PROC/WEB/0] OUT 2017-11-13 13:33:49.523  INFO 23 --- [           main] o.f.core.internal.command.DbMigrate      : Current version of schema `ad_b9a7bdab61ddf4d`: << Empty Schema >>
   2017-11-13T15:33:49.52+0200 [APP/PROC/WEB/0] OUT 2017-11-13 13:33:49.523  INFO 23 --- [           main] o.f.core.internal.command.DbMigrate      : Migrating schema `ad_b9a7bdab61ddf4d` to version 1.0.0 - create stock table
   2017-11-13T15:33:49.61+0200 [APP/PROC/WEB/0] OUT 2017-11-13 13:33:49.613  INFO 23 --- [           main] o.f.core.internal.command.DbMigrate      : Successfully applied 1 migration to schema `ad_b9a7bdab61ddf4d` (execution time 00:00.241s).
   2017-11-13T15:33:49.83+0200 [APP/PROC/WEB/0] OUT 2017-11-13 13:33:49.835  INFO 23 --- [           main] j.LocalContainerEntityManagerFactoryBean : Building JPA container EntityManagerFactory for persistence unit 'default'
   2017-11-13T15:33:49.86+0200 [APP/PROC/WEB/0] OUT 2017-11-13 13:33:49.857  INFO 23 --- [           main] o.hibernate.jpa.internal.util.LogHelper  : HHH000204: Processing PersistenceUnitInfo [
   2017-11-13T15:33:49.86+0200 [APP/PROC/WEB/0] OUT 	name: default
   2017-11-13T15:33:49.86+0200 [APP/PROC/WEB/0] OUT 	...]
   2017-11-13T15:33:50.24+0200 [APP/PROC/WEB/0] OUT 2017-11-13 13:33:50.237  INFO 23 --- [           main] org.hibernate.Version                    : HHH000412: Hibernate Core {5.0.12.Final}
   2017-11-13T15:33:50.24+0200 [APP/PROC/WEB/0] OUT 2017-11-13 13:33:50.240  INFO 23 --- [           main] org.hibernate.cfg.Environment            : HHH000206: hibernate.properties not found
   2017-11-13T15:33:50.24+0200 [APP/PROC/WEB/0] OUT 2017-11-13 13:33:50.243  INFO 23 --- [           main] org.hibernate.cfg.Environment            : HHH000021: Bytecode provider name : javassist
   2017-11-13T15:33:50.33+0200 [APP/PROC/WEB/0] OUT 2017-11-13 13:33:50.335  INFO 23 --- [           main] o.hibernate.annotations.common.Version   : HCANN000001: Hibernate Commons Annotations {5.0.1.Final}
   2017-11-13T15:33:50.65+0200 [APP/PROC/WEB/0] OUT 2017-11-13 13:33:50.649  INFO 23 --- [           main] org.hibernate.dialect.Dialect            : HHH000400: Using dialect: org.hibernate.dialect.MySQLDialect
   2017-11-13T15:33:51.06+0200 [APP/PROC/WEB/0] OUT 2017-11-13 13:33:51.063  INFO 23 --- [           main] j.LocalContainerEntityManagerFactoryBean : Initialized JPA EntityManagerFactory for persistence unit 'default'
   2017-11-13T15:33:51.27+0200 [APP/PROC/WEB/0] OUT 2017-11-13 13:33:51.277  WARN 23 --- [           main] ationConfigEmbeddedWebApplicationContext : Exception encountered during context initialization - cancelling refresh attempt: org.springframework.beans.factory.UnsatisfiedDependencyException: Error creating bean with name 'stockResource': Unsatisfied dependency expressed through field 'stockItemRepository'; nested exception is org.springframework.beans.factory.BeanCreationException: Error creating bean with name 'stockItemRepository': Invocation of init method failed; nested exception is java.lang.IllegalArgumentException: Not a managed type: class StockItem
   2017-11-13T15:33:51.27+0200 [APP/PROC/WEB/0] OUT 2017-11-13 13:33:51.278  INFO 23 --- [           main] j.LocalContainerEntityManagerFactoryBean : Closing JPA EntityManagerFactory for persistence unit 'default'
   2017-11-13T15:33:51.28+0200 [APP/PROC/WEB/0] OUT 2017-11-13 13:33:51.280  INFO 23 --- [           main] o.apache.catalina.core.StandardService   : Stopping service [Tomcat]
   2017-11-13T15:33:51.29+0200 [APP/PROC/WEB/0] OUT 2017-11-13 13:33:51.299  INFO 23 --- [           main] utoConfigurationReportLoggingInitializer : 
   2017-11-13T15:33:51.30+0200 [APP/PROC/WEB/0] OUT Error starting ApplicationContext. To display the auto-configuration report re-run your application with 'debug' enabled.
   2017-11-13T15:33:51.31+0200 [APP/PROC/WEB/0] OUT 2017-11-13 13:33:51.311 ERROR 23 --- [           main] o.s.boot.SpringApplication               : Application startup failed
   2017-11-13T15:33:51.31+0200 [APP/PROC/WEB/0] OUT org.springframework.beans.factory.UnsatisfiedDependencyException: Error creating bean with name 'stockResource': Unsatisfied dependency expressed through field 'stockItemRepository'; nested exception is org.springframework.beans.factory.BeanCreationException: Error creating bean with name 'stockItemRepository': Invocation of init method failed; nested exception is java.lang.IllegalArgumentException: Not a managed type: class StockItem
   2017-11-13T15:33:51.31+0200 [APP/PROC/WEB/0] OUT 	at org.springframework.beans.factory.annotation.AutowiredAnnotationBeanPostProcessor$AutowiredFieldElement.inject(AutowiredAnnotationBeanPostProcessor.java:588) ~[spring-beans-4.3.12.RELEASE.jar!/:4.3.12.RELEASE]
   2017-11-13T15:33:51.31+0200 [APP/PROC/WEB/0] OUT 	at org.springframework.beans.factory.annotation.InjectionMetadata.inject(InjectionMetadata.java:88) ~[spring-beans-4.3.12.RELEASE.jar!/:4.3.12.RELEASE]
   2017-11-13T15:33:51.31+0200 [APP/PROC/WEB/0] OUT 	at org.springframework.beans.factory.annotation.AutowiredAnnotationBeanPostProcessor.postProcessPropertyValues(AutowiredAnnotationBeanPostProcessor.java:366) ~[spring-beans-4.3.12.RELEASE.jar!/:4.3.12.RELEASE]
   2017-11-13T15:33:51.31+0200 [APP/PROC/WEB/0] OUT 	at org.springframework.beans.factory.support.AbstractAutowireCapableBeanFactory.populateBean(AbstractAutowireCapableBeanFactory.java:1264) ~[spring-beans-4.3.12.RELEASE.jar!/:4.3.12.RELEASE]
   2017-11-13T15:33:51.31+0200 [APP/PROC/WEB/0] OUT 	at org.springframework.beans.factory.support.AbstractAutowireCapableBeanFactory.doCreateBean(AbstractAutowireCapableBeanFactory.java:553) ~[spring-beans-4.3.12.RELEASE.jar!/:4.3.12.RELEASE]
   2017-11-13T15:33:51.31+0200 [APP/PROC/WEB/0] OUT 	at org.springframework.beans.factory.support.AbstractAutowireCapableBeanFactory.createBean(AbstractAutowireCapableBeanFactory.java:483) ~[spring-beans-4.3.12.RELEASE.jar!/:4.3.12.RELEASE]
   2017-11-13T15:33:51.31+0200 [APP/PROC/WEB/0] OUT 	at org.springframework.beans.factory.support.AbstractBeanFactory$1.getObject(AbstractBeanFactory.java:306) ~[spring-beans-4.3.12.RELEASE.jar!/:4.3.12.RELEASE]
   2017-11-13T15:33:51.31+0200 [APP/PROC/WEB/0] OUT 	at org.springframework.beans.factory.support.DefaultSingletonBeanRegistry.getSingleton(DefaultSingletonBeanRegistry.java:230) ~[spring-beans-4.3.12.RELEASE.jar!/:4.3.12.RELEASE]
   2017-11-13T15:33:51.31+0200 [APP/PROC/WEB/0] OUT 	at org.springframework.beans.factory.support.AbstractBeanFactory.doGetBean(AbstractBeanFactory.java:302) ~[spring-beans-4.3.12.RELEASE.jar!/:4.3.12.RELEASE]
   2017-11-13T15:33:51.31+0200 [APP/PROC/WEB/0] OUT 	at org.springframework.beans.factory.support.AbstractBeanFactory.getBean(AbstractBeanFactory.java:197) ~[spring-beans-4.3.12.RELEASE.jar!/:4.3.12.RELEASE]
   2017-11-13T15:33:51.31+0200 [APP/PROC/WEB/0] OUT 	at org.springframework.beans.factory.support.DefaultListableBeanFactory.preInstantiateSingletons(DefaultListableBeanFactory.java:761) ~[spring-beans-4.3.12.RELEASE.jar!/:4.3.12.RELEASE]
   2017-11-13T15:33:51.31+0200 [APP/PROC/WEB/0] OUT 	at org.springframework.context.support.AbstractApplicationContext.finishBeanFactoryInitialization(AbstractApplicationContext.java:867) ~[spring-context-4.3.12.RELEASE.jar!/:4.3.12.RELEASE]
   2017-11-13T15:33:51.31+0200 [APP/PROC/WEB/0] OUT 	at org.springframework.context.support.AbstractApplicationContext.refresh(AbstractApplicationContext.java:543) ~[spring-context-4.3.12.RELEASE.jar!/:4.3.12.RELEASE]
   2017-11-13T15:33:51.31+0200 [APP/PROC/WEB/0] OUT 	at org.springframework.boot.context.embedded.EmbeddedWebApplicationContext.refresh(EmbeddedWebApplicationContext.java:122) ~[spring-boot-1.5.8.RELEASE.jar!/:1.5.8.RELEASE]
   2017-11-13T15:33:51.31+0200 [APP/PROC/WEB/0] OUT 	at org.springframework.boot.SpringApplication.refresh(SpringApplication.java:693) [spring-boot-1.5.8.RELEASE.jar!/:1.5.8.RELEASE]
   2017-11-13T15:33:51.31+0200 [APP/PROC/WEB/0] OUT 	at org.springframework.boot.SpringApplication.refreshContext(SpringApplication.java:360) [spring-boot-1.5.8.RELEASE.jar!/:1.5.8.RELEASE]
   2017-11-13T15:33:51.31+0200 [APP/PROC/WEB/0] OUT 	at org.springframework.boot.SpringApplication.run(SpringApplication.java:303) [spring-boot-1.5.8.RELEASE.jar!/:1.5.8.RELEASE]
   2017-11-13T15:33:51.31+0200 [APP/PROC/WEB/0] OUT 	at org.springframework.boot.SpringApplication.run(SpringApplication.java:1118) [spring-boot-1.5.8.RELEASE.jar!/:1.5.8.RELEASE]
   2017-11-13T15:33:51.31+0200 [APP/PROC/WEB/0] OUT 	at org.springframework.boot.SpringApplication.run(SpringApplication.java:1107) [spring-boot-1.5.8.RELEASE.jar!/:1.5.8.RELEASE]
   2017-11-13T15:33:51.31+0200 [APP/PROC/WEB/0] OUT 	at com.github.kalev181.app.StockSpringBootStarter.main(StockSpringBootStarter.java:9) [classes/:na]
   2017-11-13T15:33:51.31+0200 [APP/PROC/WEB/0] OUT 	at sun.reflect.NativeMethodAccessorImpl.invoke0(Native Method) ~[na:1.8.0_141]
   2017-11-13T15:33:51.31+0200 [APP/PROC/WEB/0] OUT 	at sun.reflect.NativeMethodAccessorImpl.invoke(NativeMethodAccessorImpl.java:62) ~[na:1.8.0_141]
   2017-11-13T15:33:51.31+0200 [APP/PROC/WEB/0] OUT 	at sun.reflect.DelegatingMethodAccessorImpl.invoke(DelegatingMethodAccessorImpl.java:43) ~[na:1.8.0_141]
   2017-11-13T15:33:51.31+0200 [APP/PROC/WEB/0] OUT 	at java.lang.reflect.Method.invoke(Method.java:498) ~[na:1.8.0_141]
   2017-11-13T15:33:51.31+0200 [APP/PROC/WEB/0] OUT 	at org.springframework.boot.loader.MainMethodRunner.run(MainMethodRunner.java:48) [app/:na]
   2017-11-13T15:33:51.31+0200 [APP/PROC/WEB/0] OUT 	at org.springframework.boot.loader.Launcher.launch(Launcher.java:87) [app/:na]
   2017-11-13T15:33:51.31+0200 [APP/PROC/WEB/0] OUT 	at org.springframework.boot.loader.Launcher.launch(Launcher.java:50) [app/:na]
   2017-11-13T15:33:51.31+0200 [APP/PROC/WEB/0] OUT 	at org.springframework.boot.loader.JarLauncher.main(JarLauncher.java:51) [app/:na]
   2017-11-13T15:33:51.31+0200 [APP/PROC/WEB/0] OUT Caused by: org.springframework.beans.factory.BeanCreationException: Error creating bean with name 'stockItemRepository': Invocation of init method failed; nested exception is java.lang.IllegalArgumentException: Not a managed type: class StockItem
   2017-11-13T15:33:51.31+0200 [APP/PROC/WEB/0] OUT 	at org.springframework.beans.factory.support.AbstractAutowireCapableBeanFactory.initializeBean(AbstractAutowireCapableBeanFactory.java:1628) ~[spring-beans-4.3.12.RELEASE.jar!/:4.3.12.RELEASE]
   2017-11-13T15:33:51.31+0200 [APP/PROC/WEB/0] OUT 	at org.springframework.beans.factory.support.AbstractAutowireCapableBeanFactory.doCreateBean(AbstractAutowireCapableBeanFactory.java:555) ~[spring-beans-4.3.12.RELEASE.jar!/:4.3.12.RELEASE]
   2017-11-13T15:33:51.31+0200 [APP/PROC/WEB/0] OUT 	at org.springframework.beans.factory.support.AbstractAutowireCapableBeanFactory.createBean(AbstractAutowireCapableBeanFactory.java:483) ~[spring-beans-4.3.12.RELEASE.jar!/:4.3.12.RELEASE]
   2017-11-13T15:33:51.31+0200 [APP/PROC/WEB/0] OUT 	at org.springframework.beans.factory.support.AbstractBeanFactory$1.getObject(AbstractBeanFactory.java:306) ~[spring-beans-4.3.12.RELEASE.jar!/:4.3.12.RELEASE]
   2017-11-13T15:33:51.31+0200 [APP/PROC/WEB/0] OUT 	at org.springframework.beans.factory.support.DefaultSingletonBeanRegistry.getSingleton(DefaultSingletonBeanRegistry.java:230) ~[spring-beans-4.3.12.RELEASE.jar!/:4.3.12.RELEASE]
   2017-11-13T15:33:51.31+0200 [APP/PROC/WEB/0] OUT 	at org.springframework.beans.factory.support.AbstractBeanFactory.doGetBean(AbstractBeanFactory.java:302) ~[spring-beans-4.3.12.RELEASE.jar!/:4.3.12.RELEASE]
   2017-11-13T15:33:51.31+0200 [APP/PROC/WEB/0] OUT 	at org.springframework.beans.factory.support.AbstractBeanFactory.getBean(AbstractBeanFactory.java:202) ~[spring-beans-4.3.12.RELEASE.jar!/:4.3.12.RELEASE]
   2017-11-13T15:33:51.31+0200 [APP/PROC/WEB/0] OUT 	at org.springframework.beans.factory.config.DependencyDescriptor.resolveCandidate(DependencyDescriptor.java:208) ~[spring-beans-4.3.12.RELEASE.jar!/:4.3.12.RELEASE]
   2017-11-13T15:33:51.31+0200 [APP/PROC/WEB/0] OUT 	at org.springframework.beans.factory.support.DefaultListableBeanFactory.doResolveDependency(DefaultListableBeanFactory.java:1138) ~[spring-beans-4.3.12.RELEASE.jar!/:4.3.12.RELEASE]
   2017-11-13T15:33:51.31+0200 [APP/PROC/WEB/0] OUT 	at org.springframework.beans.factory.support.DefaultListableBeanFactory.resolveDependency(DefaultListableBeanFactory.java:1066) ~[spring-beans-4.3.12.RELEASE.jar!/:4.3.12.RELEASE]
   2017-11-13T15:33:51.31+0200 [APP/PROC/WEB/0] OUT 	at org.springframework.beans.factory.annotation.AutowiredAnnotationBeanPostProcessor$AutowiredFieldElement.inject(AutowiredAnnotationBeanPostProcessor.java:585) ~[spring-beans-4.3.12.RELEASE.jar!/:4.3.12.RELEASE]
   2017-11-13T15:33:51.31+0200 [APP/PROC/WEB/0] OUT 	... 27 common frames omitted
   2017-11-13T15:33:51.31+0200 [APP/PROC/WEB/0] OUT Caused by: java.lang.IllegalArgumentException: Not a managed type: class StockItem
   2017-11-13T15:33:51.31+0200 [APP/PROC/WEB/0] OUT 	at org.hibernate.jpa.internal.metamodel.MetamodelImpl.managedType(MetamodelImpl.java:210) ~[hibernate-entitymanager-5.0.12.Final.jar!/:5.0.12.Final]
   2017-11-13T15:33:51.31+0200 [APP/PROC/WEB/0] OUT 	at org.springframework.data.jpa.repository.support.JpaMetamodelEntityInformation.<init>(JpaMetamodelEntityInformation.java:70) ~[spring-data-jpa-1.11.8.RELEASE.jar!/:na]
   2017-11-13T15:33:51.31+0200 [APP/PROC/WEB/0] OUT 	at org.springframework.data.jpa.repository.support.JpaEntityInformationSupport.getEntityInformation(JpaEntityInformationSupport.java:68) ~[spring-data-jpa-1.11.8.RELEASE.jar!/:na]
   2017-11-13T15:33:51.31+0200 [APP/PROC/WEB/0] OUT 	at org.springframework.data.jpa.repository.support.JpaRepositoryFactory.getEntityInformation(JpaRepositoryFactory.java:153) ~[spring-data-jpa-1.11.8.RELEASE.jar!/:na]
   2017-11-13T15:33:51.31+0200 [APP/PROC/WEB/0] OUT 	at org.springframework.data.jpa.repository.support.JpaRepositoryFactory.getTargetRepository(JpaRepositoryFactory.java:100) ~[spring-data-jpa-1.11.8.RELEASE.jar!/:na]
   2017-11-13T15:33:51.31+0200 [APP/PROC/WEB/0] OUT 	at org.springframework.data.jpa.repository.support.JpaRepositoryFactory.getTargetRepository(JpaRepositoryFactory.java:82) ~[spring-data-jpa-1.11.8.RELEASE.jar!/:na]
   2017-11-13T15:33:51.31+0200 [APP/PROC/WEB/0] OUT 	at org.springframework.data.repository.core.support.RepositoryFactorySupport.getRepository(RepositoryFactorySupport.java:199) ~[spring-data-commons-1.13.8.RELEASE.jar!/:na]
   2017-11-13T15:33:51.31+0200 [APP/PROC/WEB/0] OUT 	at org.springframework.data.repository.core.support.RepositoryFactoryBeanSupport.initAndReturn(RepositoryFactoryBeanSupport.java:277) ~[spring-data-commons-1.13.8.RELEASE.jar!/:na]
   2017-11-13T15:33:51.31+0200 [APP/PROC/WEB/0] OUT 	at org.springframework.data.repository.core.support.RepositoryFactoryBeanSupport.afterPropertiesSet(RepositoryFactoryBeanSupport.java:263) ~[spring-data-commons-1.13.8.RELEASE.jar!/:na]
   2017-11-13T15:33:51.31+0200 [APP/PROC/WEB/0] OUT 	at org.springframework.data.jpa.repository.support.JpaRepositoryFactoryBean.afterPropertiesSet(JpaRepositoryFactoryBean.java:101) ~[spring-data-jpa-1.11.8.RELEASE.jar!/:na]
   2017-11-13T15:33:51.31+0200 [APP/PROC/WEB/0] OUT 	at org.springframework.beans.factory.support.AbstractAutowireCapableBeanFactory.invokeInitMethods(AbstractAutowireCapableBeanFactory.java:1687) ~[spring-beans-4.3.12.RELEASE.jar!/:4.3.12.RELEASE]
   2017-11-13T15:33:51.31+0200 [APP/PROC/WEB/0] OUT 	at org.springframework.beans.factory.support.AbstractAutowireCapableBeanFactory.initializeBean(AbstractAutowireCapableBeanFactory.java:1624) ~[spring-beans-4.3.12.RELEASE.jar!/:4.3.12.RELEASE]
   2017-11-13T15:33:51.31+0200 [APP/PROC/WEB/0] OUT 	... 37 common frames omitted
   2017-11-13T15:33:51.35+0200 [APP/PROC/WEB/0] OUT Exit status 1
   2017-11-13T15:33:51.35+0200 [CELL/SSHD/0] OUT Exit status 0
   2017-11-13T15:33:51.38+0200 [API/25] OUT Process has crashed with type: "web"
   2017-11-13T15:33:51.39+0200 [API/25] OUT App instance exited with guid 517b00f1-2d92-418e-b7d1-d1463d4bca94 payload: {"instance"=>"2c01bbbc-6243-4c20-434c-6206", "index"=>0, "reason"=>"CRASHED", "exit_description"=>"APP/PROC/WEB: Exited with status 1", "crash_count"=>1, "crash_timestamp"=>1510580031363181374, "version"=>"07ea5584-c898-4353-929d-b8345661f603"}
   2017-11-13T15:33:51.40+0200 [CELL/0] OUT Stopping instance 2c01bbbc-6243-4c20-434c-6206
   2017-11-13T15:33:51.40+0200 [CELL/0] OUT Destroying container
   2017-11-13T15:33:51.55+0200 [CELL/0] OUT Creating container
   2017-11-13T15:33:51.96+0200 [CELL/0] OUT Successfully created container
   2017-11-13T15:33:52.41+0200 [CELL/0] OUT Successfully destroyed container
   2017-11-13T15:33:57.63+0200 [APP/PROC/WEB/0] OUT  \\/  ___)| |_)| | | | | || (_| |  ) ) ) )
   2017-11-13T15:33:57.63+0200 [APP/PROC/WEB/0] OUT   '  |____| .__|_| |_|_| |_\__, | / / / /
   2017-11-13T15:33:57.63+0200 [APP/PROC/WEB/0] OUT  =========|_|==============|___/=/_/_/_/
   2017-11-13T15:33:57.64+0200 [APP/PROC/WEB/0] OUT  :: Spring Boot ::        (v1.5.8.RELEASE)
   2017-11-13T15:33:57.98+0200 [APP/PROC/WEB/0] OUT 2017-11-13 13:33:57.971  INFO 15 --- [           main] pertySourceApplicationContextInitializer : Adding 'cloud' PropertySource to ApplicationContext
   2017-11-13T15:33:58.22+0200 [APP/PROC/WEB/0] OUT 2017-11-13 13:33:58.225  INFO 15 --- [           main] nfigurationApplicationContextInitializer : Adding cloud service auto-reconfiguration to ApplicationContext
   2017-11-13T15:33:58.26+0200 [APP/PROC/WEB/0] OUT 2017-11-13 13:33:58.266  INFO 15 --- [           main] c.g.kalev181.app.StockSpringBootStarter  : Starting StockSpringBootStarter on 7491f6fe-3ae9-4cdc-4dba-a93c with PID 15 (/home/vcap/app/BOOT-INF/classes started by vcap in /home/vcap/app)
   2017-11-13T15:33:58.26+0200 [APP/PROC/WEB/0] OUT 2017-11-13 13:33:58.266  INFO 15 --- [           main] c.g.kalev181.app.StockSpringBootStarter  : The following profiles are active: cloud
   2017-11-13T15:33:58.45+0200 [APP/PROC/WEB/0] OUT 2017-11-13 13:33:58.447  INFO 15 --- [           main] ationConfigEmbeddedWebApplicationContext : Refreshing org.springframework.boot.context.embedded.AnnotationConfigEmbeddedWebApplicationContext@49c2faae: startup date [Mon Nov 13 13:33:58 UTC 2017]; root of context hierarchy
   2017-11-13T15:34:01.08+0200 [APP/PROC/WEB/0] OUT 2017-11-13 13:34:01.081  INFO 15 --- [           main] urceCloudServiceBeanFactoryPostProcessor : Auto-reconfiguring beans of type javax.sql.DataSource
   2017-11-13T15:34:01.10+0200 [APP/PROC/WEB/0] OUT 2017-11-13 13:34:01.105  INFO 15 --- [           main] o.c.r.o.s.c.s.r.PooledDataSourceCreator  : Found Tomcat JDBC connection pool on the classpath. Using it for DataSource connection pooling.
   2017-11-13T15:34:01.16+0200 [APP/PROC/WEB/0] OUT 2017-11-13 13:34:01.166  INFO 15 --- [           main] nateCloudServiceBeanFactoryPostProcessor : Auto-reconfiguring beans of type org.springframework.orm.hibernate3.AbstractSessionFactoryBean
   2017-11-13T15:34:01.16+0200 [APP/PROC/WEB/0] OUT 2017-11-13 13:34:01.169  INFO 15 --- [           main] nateCloudServiceBeanFactoryPostProcessor : Auto-reconfiguring beans of type org.springframework.orm.hibernate4.LocalSessionFactoryBean
   2017-11-13T15:34:01.17+0200 [APP/PROC/WEB/0] OUT 2017-11-13 13:34:01.170  INFO 15 --- [           main] .JpaCloudServiceBeanFactoryPostProcessor : Auto-reconfiguring beans of type org.springframework.orm.jpa.AbstractEntityManagerFactoryBean
   2017-11-13T15:34:02.57+0200 [APP/PROC/WEB/0] OUT 2017-11-13 13:34:02.577  INFO 15 --- [           main] s.b.c.e.t.TomcatEmbeddedServletContainer : Tomcat initialized with port(s): 8080 (http)
   2017-11-13T15:34:02.60+0200 [APP/PROC/WEB/0] OUT 2017-11-13 13:34:02.600  INFO 15 --- [           main] o.apache.catalina.core.StandardService   : Starting service [Tomcat]
   2017-11-13T15:34:02.60+0200 [APP/PROC/WEB/0] OUT 2017-11-13 13:34:02.602  INFO 15 --- [           main] org.apache.catalina.core.StandardEngine  : Starting Servlet Engine: Apache Tomcat/8.5.23
   2017-11-13T15:34:02.77+0200 [APP/PROC/WEB/0] OUT 2017-11-13 13:34:02.778  INFO 15 --- [ost-startStop-1] o.a.c.c.C.[Tomcat].[localhost].[/]       : Initializing Spring embedded WebApplicationContext
   2017-11-13T15:34:02.77+0200 [APP/PROC/WEB/0] OUT 2017-11-13 13:34:02.779  INFO 15 --- [ost-startStop-1] o.s.web.context.ContextLoader            : Root WebApplicationContext: initialization completed in 4338 ms
   2017-11-13T15:34:03.18+0200 [APP/PROC/WEB/0] OUT 2017-11-13 13:34:03.188  INFO 15 --- [ost-startStop-1] o.s.b.w.servlet.FilterRegistrationBean   : Mapping filter: 'clientCertificateMapper' to: [/*]
   2017-11-13T15:34:03.18+0200 [APP/PROC/WEB/0] OUT 2017-11-13 13:34:03.189  INFO 15 --- [ost-startStop-1] o.s.b.w.servlet.FilterRegistrationBean   : Mapping filter: 'characterEncodingFilter' to: [/*]
   2017-11-13T15:34:03.18+0200 [APP/PROC/WEB/0] OUT 2017-11-13 13:34:03.189  INFO 15 --- [ost-startStop-1] o.s.b.w.servlet.FilterRegistrationBean   : Mapping filter: 'hiddenHttpMethodFilter' to: [/*]
   2017-11-13T15:34:03.19+0200 [APP/PROC/WEB/0] OUT 2017-11-13 13:34:03.189  INFO 15 --- [ost-startStop-1] o.s.b.w.servlet.FilterRegistrationBean   : Mapping filter: 'httpPutFormContentFilter' to: [/*]
   2017-11-13T15:34:03.19+0200 [APP/PROC/WEB/0] OUT 2017-11-13 13:34:03.191  INFO 15 --- [ost-startStop-1] o.s.b.w.servlet.FilterRegistrationBean   : Mapping filter: 'requestContextFilter' to: [/*]
   2017-11-13T15:34:03.19+0200 [APP/PROC/WEB/0] OUT 2017-11-13 13:34:03.191  INFO 15 --- [ost-startStop-1] o.s.b.w.servlet.ServletRegistrationBean  : Mapping servlet: 'dispatcherServlet' to [/]
   2017-11-13T15:34:03.38+0200 [APP/PROC/WEB/0] OUT 2017-11-13 13:34:03.370  INFO 15 --- [           main] o.f.core.internal.util.VersionPrinter    : Flyway 3.2.1 by Boxfuse
   2017-11-13T15:34:03.39+0200 [APP/PROC/WEB/0] OUT 2017-11-13 13:34:03.392  WARN 15 --- [           main] o.a.tomcat.jdbc.pool.ConnectionPool      : maxIdle is larger than maxActive, setting maxIdle to: 4
   2017-11-13T15:34:03.85+0200 [APP/PROC/WEB/0] OUT 2017-11-13 13:34:03.850  INFO 15 --- [           main] o.f.c.i.dbsupport.DbSupportFactory       : Database: jdbc:mysql://us-cdbr-iron-east-05.cleardb.net/ad_b9a7bdab61ddf4d?user=b41df7f008027e&password=b708d292 (MySQL 5.6)
   2017-11-13T15:34:03.96+0200 [APP/PROC/WEB/0] OUT 2017-11-13 13:34:03.961  INFO 15 --- [           main] o.f.core.internal.command.DbValidate     : Validated 1 migration (execution time 00:00.076s)
   2017-11-13T15:34:04.09+0200 [APP/PROC/WEB/0] OUT 2017-11-13 13:34:04.092  INFO 15 --- [           main] o.f.core.internal.command.DbMigrate      : Current version of schema `ad_b9a7bdab61ddf4d`: 1.0.0
   2017-11-13T15:34:04.09+0200 [APP/PROC/WEB/0] OUT 2017-11-13 13:34:04.097  INFO 15 --- [           main] o.f.core.internal.command.DbMigrate      : Schema `ad_b9a7bdab61ddf4d` is up to date. No migration necessary.
   2017-11-13T15:34:04.41+0200 [APP/PROC/WEB/0] OUT 2017-11-13 13:34:04.413  INFO 15 --- [           main] j.LocalContainerEntityManagerFactoryBean : Building JPA container EntityManagerFactory for persistence unit 'default'
   2017-11-13T15:34:04.45+0200 [APP/PROC/WEB/0] OUT 2017-11-13 13:34:04.449  INFO 15 --- [           main] o.hibernate.jpa.internal.util.LogHelper  : HHH000204: Processing PersistenceUnitInfo [
   2017-11-13T15:34:04.45+0200 [APP/PROC/WEB/0] OUT 	name: default
   2017-11-13T15:34:04.45+0200 [APP/PROC/WEB/0] OUT 	...]
   2017-11-13T15:34:04.86+0200 [APP/PROC/WEB/0] OUT 2017-11-13 13:34:04.858  INFO 15 --- [           main] org.hibernate.Version                    : HHH000412: Hibernate Core {5.0.12.Final}
   2017-11-13T15:34:04.86+0200 [APP/PROC/WEB/0] OUT 2017-11-13 13:34:04.861  INFO 15 --- [           main] org.hibernate.cfg.Environment            : HHH000206: hibernate.properties not found
   2017-11-13T15:34:04.86+0200 [APP/PROC/WEB/0] OUT 2017-11-13 13:34:04.863  INFO 15 --- [           main] org.hibernate.cfg.Environment            : HHH000021: Bytecode provider name : javassist
   2017-11-13T15:34:04.94+0200 [APP/PROC/WEB/0] OUT 2017-11-13 13:34:04.940  INFO 15 --- [           main] o.hibernate.annotations.common.Version   : HCANN000001: Hibernate Commons Annotations {5.0.1.Final}
   2017-11-13T15:34:05.26+0200 [APP/PROC/WEB/0] OUT 2017-11-13 13:34:05.260  INFO 15 --- [           main] org.hibernate.dialect.Dialect            : HHH000400: Using dialect: org.hibernate.dialect.MySQLDialect
   2017-11-13T15:34:05.68+0200 [APP/PROC/WEB/0] OUT 2017-11-13 13:34:05.682  INFO 15 --- [           main] j.LocalContainerEntityManagerFactoryBean : Initialized JPA EntityManagerFactory for persistence unit 'default'
   2017-11-13T15:34:05.99+0200 [APP/PROC/WEB/0] OUT 2017-11-13 13:34:05.998  WARN 15 --- [           main] ationConfigEmbeddedWebApplicationContext : Exception encountered during context initialization - cancelling refresh attempt: org.springframework.beans.factory.UnsatisfiedDependencyException: Error creating bean with name 'stockResource': Unsatisfied dependency expressed through field 'stockItemRepository'; nested exception is org.springframework.beans.factory.BeanCreationException: Error creating bean with name 'stockItemRepository': Invocation of init method failed; nested exception is java.lang.IllegalArgumentException: Not a managed type: class StockItem
   2017-11-13T15:34:05.99+0200 [APP/PROC/WEB/0] OUT 2017-11-13 13:34:05.999  INFO 15 --- [           main] j.LocalContainerEntityManagerFactoryBean : Closing JPA EntityManagerFactory for persistence unit 'default'
   2017-11-13T15:34:06.00+0200 [APP/PROC/WEB/0] OUT 2017-11-13 13:34:06.003  INFO 15 --- [           main] o.apache.catalina.core.StandardService   : Stopping service [Tomcat]
   2017-11-13T15:34:06.03+0200 [APP/PROC/WEB/0] OUT 2017-11-13 13:34:06.037  INFO 15 --- [           main] utoConfigurationReportLoggingInitializer : 
   2017-11-13T15:34:06.03+0200 [APP/PROC/WEB/0] OUT Error starting ApplicationContext. To display the auto-configuration report re-run your application with 'debug' enabled.
   2017-11-13T15:34:06.05+0200 [APP/PROC/WEB/0] OUT 2017-11-13 13:34:06.052 ERROR 15 --- [           main] o.s.boot.SpringApplication               : Application startup failed
   2017-11-13T15:34:06.05+0200 [APP/PROC/WEB/0] OUT org.springframework.beans.factory.UnsatisfiedDependencyException: Error creating bean with name 'stockResource': Unsatisfied dependency expressed through field 'stockItemRepository'; nested exception is org.springframework.beans.factory.BeanCreationException: Error creating bean with name 'stockItemRepository': Invocation of init method failed; nested exception is java.lang.IllegalArgumentException: Not a managed type: class StockItem
   2017-11-13T15:34:06.05+0200 [APP/PROC/WEB/0] OUT 	at org.springframework.beans.factory.annotation.AutowiredAnnotationBeanPostProcessor$AutowiredFieldElement.inject(AutowiredAnnotationBeanPostProcessor.java:588) ~[spring-beans-4.3.12.RELEASE.jar!/:4.3.12.RELEASE]
   2017-11-13T15:34:06.05+0200 [APP/PROC/WEB/0] OUT 	at org.springframework.beans.factory.annotation.InjectionMetadata.inject(InjectionMetadata.java:88) ~[spring-beans-4.3.12.RELEASE.jar!/:4.3.12.RELEASE]
   2017-11-13T15:34:06.05+0200 [APP/PROC/WEB/0] OUT 	at org.springframework.beans.factory.annotation.AutowiredAnnotationBeanPostProcessor.postProcessPropertyValues(AutowiredAnnotationBeanPostProcessor.java:366) ~[spring-beans-4.3.12.RELEASE.jar!/:4.3.12.RELEASE]
   2017-11-13T15:34:06.05+0200 [APP/PROC/WEB/0] OUT 	at org.springframework.beans.factory.support.AbstractAutowireCapableBeanFactory.populateBean(AbstractAutowireCapableBeanFactory.java:1264) ~[spring-beans-4.3.12.RELEASE.jar!/:4.3.12.RELEASE]
   2017-11-13T15:34:06.05+0200 [APP/PROC/WEB/0] OUT 	at org.springframework.beans.factory.support.AbstractAutowireCapableBeanFactory.doCreateBean(AbstractAutowireCapableBeanFactory.java:553) ~[spring-beans-4.3.12.RELEASE.jar!/:4.3.12.RELEASE]
   2017-11-13T15:34:06.05+0200 [APP/PROC/WEB/0] OUT 	at org.springframework.beans.factory.support.AbstractAutowireCapableBeanFactory.createBean(AbstractAutowireCapableBeanFactory.java:483) ~[spring-beans-4.3.12.RELEASE.jar!/:4.3.12.RELEASE]
   2017-11-13T15:34:06.05+0200 [APP/PROC/WEB/0] OUT 	at org.springframework.beans.factory.support.AbstractBeanFactory$1.getObject(AbstractBeanFactory.java:306) ~[spring-beans-4.3.12.RELEASE.jar!/:4.3.12.RELEASE]
   2017-11-13T15:34:06.05+0200 [APP/PROC/WEB/0] OUT 	at org.springframework.beans.factory.support.DefaultSingletonBeanRegistry.getSingleton(DefaultSingletonBeanRegistry.java:230) ~[spring-beans-4.3.12.RELEASE.jar!/:4.3.12.RELEASE]
   2017-11-13T15:34:06.05+0200 [APP/PROC/WEB/0] OUT 	at org.springframework.beans.factory.support.AbstractBeanFactory.doGetBean(AbstractBeanFactory.java:302) ~[spring-beans-4.3.12.RELEASE.jar!/:4.3.12.RELEASE]
   2017-11-13T15:34:06.05+0200 [APP/PROC/WEB/0] OUT 	at org.springframework.beans.factory.support.AbstractBeanFactory.getBean(AbstractBeanFactory.java:197) ~[spring-beans-4.3.12.RELEASE.jar!/:4.3.12.RELEASE]
   2017-11-13T15:34:06.05+0200 [APP/PROC/WEB/0] OUT 	at org.springframework.beans.factory.support.DefaultListableBeanFactory.preInstantiateSingletons(DefaultListableBeanFactory.java:761) ~[spring-beans-4.3.12.RELEASE.jar!/:4.3.12.RELEASE]
   2017-11-13T15:34:06.05+0200 [APP/PROC/WEB/0] OUT 	at org.springframework.context.support.AbstractApplicationContext.finishBeanFactoryInitialization(AbstractApplicationContext.java:867) ~[spring-context-4.3.12.RELEASE.jar!/:4.3.12.RELEASE]
   2017-11-13T15:34:06.05+0200 [APP/PROC/WEB/0] OUT 	at org.springframework.context.support.AbstractApplicationContext.refresh(AbstractApplicationContext.java:543) ~[spring-context-4.3.12.RELEASE.jar!/:4.3.12.RELEASE]
   2017-11-13T15:34:06.05+0200 [APP/PROC/WEB/0] OUT 	at org.springframework.boot.context.embedded.EmbeddedWebApplicationContext.refresh(EmbeddedWebApplicationContext.java:122) ~[spring-boot-1.5.8.RELEASE.jar!/:1.5.8.RELEASE]
   2017-11-13T15:34:06.05+0200 [APP/PROC/WEB/0] OUT 	at org.springframework.boot.SpringApplication.refresh(SpringApplication.java:693) [spring-boot-1.5.8.RELEASE.jar!/:1.5.8.RELEASE]
   2017-11-13T15:34:06.05+0200 [APP/PROC/WEB/0] OUT 	at org.springframework.boot.SpringApplication.refreshContext(SpringApplication.java:360) [spring-boot-1.5.8.RELEASE.jar!/:1.5.8.RELEASE]
   2017-11-13T15:34:06.05+0200 [APP/PROC/WEB/0] OUT 	at org.springframework.boot.SpringApplication.run(SpringApplication.java:303) [spring-boot-1.5.8.RELEASE.jar!/:1.5.8.RELEASE]
   2017-11-13T15:34:06.05+0200 [APP/PROC/WEB/0] OUT 	at org.springframework.boot.SpringApplication.run(SpringApplication.java:1118) [spring-boot-1.5.8.RELEASE.jar!/:1.5.8.RELEASE]
   2017-11-13T15:34:06.05+0200 [APP/PROC/WEB/0] OUT 	at org.springframework.boot.SpringApplication.run(SpringApplication.java:1107) [spring-boot-1.5.8.RELEASE.jar!/:1.5.8.RELEASE]
   2017-11-13T15:34:06.05+0200 [APP/PROC/WEB/0] OUT 	at com.github.kalev181.app.StockSpringBootStarter.main(StockSpringBootStarter.java:9) [classes/:na]
   2017-11-13T15:34:06.05+0200 [APP/PROC/WEB/0] OUT 	at sun.reflect.NativeMethodAccessorImpl.invoke0(Native Method) ~[na:1.8.0_141]
   2017-11-13T15:34:06.05+0200 [APP/PROC/WEB/0] OUT 	at sun.reflect.NativeMethodAccessorImpl.invoke(NativeMethodAccessorImpl.java:62) ~[na:1.8.0_141]
   2017-11-13T15:34:06.05+0200 [APP/PROC/WEB/0] OUT 	at sun.reflect.DelegatingMethodAccessorImpl.invoke(DelegatingMethodAccessorImpl.java:43) ~[na:1.8.0_141]
   2017-11-13T15:34:06.05+0200 [APP/PROC/WEB/0] OUT 	at java.lang.reflect.Method.invoke(Method.java:498) ~[na:1.8.0_141]
   2017-11-13T15:34:06.05+0200 [APP/PROC/WEB/0] OUT 	at org.springframework.boot.loader.MainMethodRunner.run(MainMethodRunner.java:48) [app/:na]
   2017-11-13T15:34:06.05+0200 [APP/PROC/WEB/0] OUT 	at org.springframework.boot.loader.Launcher.launch(Launcher.java:87) [app/:na]
   2017-11-13T15:34:06.05+0200 [APP/PROC/WEB/0] OUT 	at org.springframework.boot.loader.Launcher.launch(Launcher.java:50) [app/:na]
   2017-11-13T15:34:06.05+0200 [APP/PROC/WEB/0] OUT 	at org.springframework.boot.loader.JarLauncher.main(JarLauncher.java:51) [app/:na]
   2017-11-13T15:34:06.05+0200 [APP/PROC/WEB/0] OUT Caused by: org.springframework.beans.factory.BeanCreationException: Error creating bean with name 'stockItemRepository': Invocation of init method failed; nested exception is java.lang.IllegalArgumentException: Not a managed type: class StockItem
   2017-11-13T15:34:06.05+0200 [APP/PROC/WEB/0] OUT 	at org.springframework.beans.factory.support.AbstractAutowireCapableBeanFactory.initializeBean(AbstractAutowireCapableBeanFactory.java:1628) ~[spring-beans-4.3.12.RELEASE.jar!/:4.3.12.RELEASE]
   2017-11-13T15:34:06.05+0200 [APP/PROC/WEB/0] OUT 	at org.springframework.beans.factory.support.AbstractAutowireCapableBeanFactory.doCreateBean(AbstractAutowireCapableBeanFactory.java:555) ~[spring-beans-4.3.12.RELEASE.jar!/:4.3.12.RELEASE]
   2017-11-13T15:34:06.05+0200 [APP/PROC/WEB/0] OUT 	at org.springframework.beans.factory.support.AbstractAutowireCapableBeanFactory.createBean(AbstractAutowireCapableBeanFactory.java:483) ~[spring-beans-4.3.12.RELEASE.jar!/:4.3.12.RELEASE]
   2017-11-13T15:34:06.05+0200 [APP/PROC/WEB/0] OUT 	at org.springframework.beans.factory.support.AbstractBeanFactory$1.getObject(AbstractBeanFactory.java:306) ~[spring-beans-4.3.12.RELEASE.jar!/:4.3.12.RELEASE]
   2017-11-13T15:34:06.05+0200 [APP/PROC/WEB/0] OUT 	at org.springframework.beans.factory.support.DefaultSingletonBeanRegistry.getSingleton(DefaultSingletonBeanRegistry.java:230) ~[spring-beans-4.3.12.RELEASE.jar!/:4.3.12.RELEASE]
   2017-11-13T15:34:06.05+0200 [APP/PROC/WEB/0] OUT 	at org.springframework.beans.factory.support.AbstractBeanFactory.doGetBean(AbstractBeanFactory.java:302) ~[spring-beans-4.3.12.RELEASE.jar!/:4.3.12.RELEASE]
   2017-11-13T15:34:06.05+0200 [APP/PROC/WEB/0] OUT 	at org.springframework.beans.factory.support.AbstractBeanFactory.getBean(AbstractBeanFactory.java:202) ~[spring-beans-4.3.12.RELEASE.jar!/:4.3.12.RELEASE]
   2017-11-13T15:34:06.05+0200 [APP/PROC/WEB/0] OUT 	at org.springframework.beans.factory.config.DependencyDescriptor.resolveCandidate(DependencyDescriptor.java:208) ~[spring-beans-4.3.12.RELEASE.jar!/:4.3.12.RELEASE]
   2017-11-13T15:34:06.05+0200 [APP/PROC/WEB/0] OUT 	at org.springframework.beans.factory.support.DefaultListableBeanFactory.doResolveDependency(DefaultListableBeanFactory.java:1138) ~[spring-beans-4.3.12.RELEASE.jar!/:4.3.12.RELEASE]
   2017-11-13T15:34:06.05+0200 [APP/PROC/WEB/0] OUT 	at org.springframework.beans.factory.support.DefaultListableBeanFactory.resolveDependency(DefaultListableBeanFactory.java:1066) ~[spring-beans-4.3.12.RELEASE.jar!/:4.3.12.RELEASE]
   2017-11-13T15:34:06.05+0200 [APP/PROC/WEB/0] OUT 	at org.springframework.beans.factory.annotation.AutowiredAnnotationBeanPostProcessor$AutowiredFieldElement.inject(AutowiredAnnotationBeanPostProcessor.java:585) ~[spring-beans-4.3.12.RELEASE.jar!/:4.3.12.RELEASE]
   2017-11-13T15:34:06.05+0200 [APP/PROC/WEB/0] OUT 	... 27 common frames omitted
   2017-11-13T15:34:06.05+0200 [APP/PROC/WEB/0] OUT Caused by: java.lang.IllegalArgumentException: Not a managed type: class StockItem
   2017-11-13T15:34:06.05+0200 [APP/PROC/WEB/0] OUT 	at org.hibernate.jpa.internal.metamodel.MetamodelImpl.managedType(MetamodelImpl.java:210) ~[hibernate-entitymanager-5.0.12.Final.jar!/:5.0.12.Final]
   2017-11-13T15:34:06.05+0200 [APP/PROC/WEB/0] OUT 	at org.springframework.data.jpa.repository.support.JpaMetamodelEntityInformation.<init>(JpaMetamodelEntityInformation.java:70) ~[spring-data-jpa-1.11.8.RELEASE.jar!/:na]
   2017-11-13T15:34:06.05+0200 [APP/PROC/WEB/0] OUT 	at org.springframework.data.jpa.repository.support.JpaEntityInformationSupport.getEntityInformation(JpaEntityInformationSupport.java:68) ~[spring-data-jpa-1.11.8.RELEASE.jar!/:na]
   2017-11-13T15:34:06.05+0200 [APP/PROC/WEB/0] OUT 	at org.springframework.data.jpa.repository.support.JpaRepositoryFactory.getEntityInformation(JpaRepositoryFactory.java:153) ~[spring-data-jpa-1.11.8.RELEASE.jar!/:na]
   2017-11-13T15:34:06.05+0200 [APP/PROC/WEB/0] OUT 	at org.springframework.data.jpa.repository.support.JpaRepositoryFactory.getTargetRepository(JpaRepositoryFactory.java:100) ~[spring-data-jpa-1.11.8.RELEASE.jar!/:na]
   2017-11-13T15:34:06.05+0200 [APP/PROC/WEB/0] OUT 	at org.springframework.data.jpa.repository.support.JpaRepositoryFactory.getTargetRepository(JpaRepositoryFactory.java:82) ~[spring-data-jpa-1.11.8.RELEASE.jar!/:na]
   2017-11-13T15:34:06.05+0200 [APP/PROC/WEB/0] OUT 	at org.springframework.data.repository.core.support.RepositoryFactorySupport.getRepository(RepositoryFactorySupport.java:199) ~[spring-data-commons-1.13.8.RELEASE.jar!/:na]
   2017-11-13T15:34:06.05+0200 [APP/PROC/WEB/0] OUT 	at org.springframework.data.repository.core.support.RepositoryFactoryBeanSupport.initAndReturn(RepositoryFactoryBeanSupport.java:277) ~[spring-data-commons-1.13.8.RELEASE.jar!/:na]
   2017-11-13T15:34:06.05+0200 [APP/PROC/WEB/0] OUT 	at org.springframework.data.repository.core.support.RepositoryFactoryBeanSupport.afterPropertiesSet(RepositoryFactoryBeanSupport.java:263) ~[spring-data-commons-1.13.8.RELEASE.jar!/:na]
   2017-11-13T15:34:06.05+0200 [APP/PROC/WEB/0] OUT 	at org.springframework.data.jpa.repository.support.JpaRepositoryFactoryBean.afterPropertiesSet(JpaRepositoryFactoryBean.java:101) ~[spring-data-jpa-1.11.8.RELEASE.jar!/:na]
   2017-11-13T15:34:06.05+0200 [APP/PROC/WEB/0] OUT 	at org.springframework.beans.factory.support.AbstractAutowireCapableBeanFactory.invokeInitMethods(AbstractAutowireCapableBeanFactory.java:1687) ~[spring-beans-4.3.12.RELEASE.jar!/:4.3.12.RELEASE]
   2017-11-13T15:34:06.05+0200 [APP/PROC/WEB/0] OUT 	at org.springframework.beans.factory.support.AbstractAutowireCapableBeanFactory.initializeBean(AbstractAutowireCapableBeanFactory.java:1624) ~[spring-beans-4.3.12.RELEASE.jar!/:4.3.12.RELEASE]
   2017-11-13T15:34:06.05+0200 [APP/PROC/WEB/0] OUT 	... 37 common frames omitted
   2017-11-13T15:34:06.08+0200 [APP/PROC/WEB/0] OUT Exit status 1
   2017-11-13T15:34:06.09+0200 [CELL/SSHD/0] OUT Exit status 0
   2017-11-13T15:34:06.11+0200 [API/4] OUT Process has crashed with type: "web"
   2017-11-13T15:34:06.12+0200 [CELL/0] OUT Stopping instance 7491f6fe-3ae9-4cdc-4dba-a93c
   2017-11-13T15:34:06.12+0200 [CELL/0] OUT Destroying container
   2017-11-13T15:34:06.12+0200 [API/4] OUT App instance exited with guid 517b00f1-2d92-418e-b7d1-d1463d4bca94 payload: {"instance"=>"7491f6fe-3ae9-4cdc-4dba-a93c", "index"=>0, "reason"=>"CRASHED", "exit_description"=>"APP/PROC/WEB: Exited with status 1", "crash_count"=>2, "crash_timestamp"=>1510580046092186916, "version"=>"07ea5584-c898-4353-929d-b8345661f603"}
   2017-11-13T15:34:06.25+0200 [CELL/0] OUT Creating container
   2017-11-13T15:34:06.81+0200 [CELL/0] OUT Successfully created container
   2017-11-13T15:34:06.82+0200 [CELL/0] OUT Successfully destroyed container
   2017-11-13T15:34:07.74+0200 [CELL/0] OUT Starting health monitoring of container
   2017-11-13T15:34:07.85+0200 [APP/PROC/WEB/0] OUT JVM Memory Configuration: -XX:CompressedClassSpaceSize=19121K -Xss1M -Xmx358876K -XX:MaxDirectMemorySize=10M -XX:MaxMetaspaceSize=107378K -XX:ReservedCodeCacheSize=240M
   2017-11-13T15:34:11.60+0200 [APP/PROC/WEB/0] OUT   .   ____          _            __ _ _
   2017-11-13T15:34:11.60+0200 [APP/PROC/WEB/0] OUT  /\\ / ___'_ __ _ _(_)_ __  __ _ \ \ \ \
   2017-11-13T15:34:11.60+0200 [APP/PROC/WEB/0] OUT ( ( )\___ | '_ | '_| | '_ \/ _` | \ \ \ \
   2017-11-13T15:34:11.60+0200 [APP/PROC/WEB/0] OUT  \\/  ___)| |_)| | | | | || (_| |  ) ) ) )
   2017-11-13T15:34:11.60+0200 [APP/PROC/WEB/0] OUT   '  |____| .__|_| |_|_| |_\__, | / / / /
   2017-11-13T15:34:11.60+0200 [APP/PROC/WEB/0] OUT  =========|_|==============|___/=/_/_/_/
   2017-11-13T15:34:11.61+0200 [APP/PROC/WEB/0] OUT  :: Spring Boot ::        (v1.5.8.RELEASE)
   2017-11-13T15:34:12.28+0200 [APP/PROC/WEB/0] OUT 2017-11-13 13:34:12.269  INFO 12 --- [           main] pertySourceApplicationContextInitializer : Adding 'cloud' PropertySource to ApplicationContext
   2017-11-13T15:34:12.84+0200 [APP/PROC/WEB/0] OUT 2017-11-13 13:34:12.847  INFO 12 --- [           main] nfigurationApplicationContextInitializer : Adding cloud service auto-reconfiguration to ApplicationContext
   2017-11-13T15:34:12.88+0200 [APP/PROC/WEB/0] OUT 2017-11-13 13:34:12.883  INFO 12 --- [           main] c.g.kalev181.app.StockSpringBootStarter  : Starting StockSpringBootStarter on e3b56feb-3e54-410e-4101-aa42 with PID 12 (/home/vcap/app/BOOT-INF/classes started by vcap in /home/vcap/app)
   2017-11-13T15:34:12.88+0200 [APP/PROC/WEB/0] OUT 2017-11-13 13:34:12.883  INFO 12 --- [           main] c.g.kalev181.app.StockSpringBootStarter  : The following profiles are active: cloud
   2017-11-13T15:34:13.05+0200 [APP/PROC/WEB/0] OUT 2017-11-13 13:34:13.050  INFO 12 --- [           main] ationConfigEmbeddedWebApplicationContext : Refreshing org.springframework.boot.context.embedded.AnnotationConfigEmbeddedWebApplicationContext@49c2faae: startup date [Mon Nov 13 13:34:13 UTC 2017]; root of context hierarchy
   2017-11-13T15:34:16.03+0200 [APP/PROC/WEB/0] OUT 2017-11-13 13:34:16.034  INFO 12 --- [           main] urceCloudServiceBeanFactoryPostProcessor : Auto-reconfiguring beans of type javax.sql.DataSource
   2017-11-13T15:34:16.10+0200 [APP/PROC/WEB/0] OUT 2017-11-13 13:34:16.104  INFO 12 --- [           main] o.c.r.o.s.c.s.r.PooledDataSourceCreator  : Found Tomcat JDBC connection pool on the classpath. Using it for DataSource connection pooling.
   2017-11-13T15:34:16.17+0200 [APP/PROC/WEB/0] OUT 2017-11-13 13:34:16.178  INFO 12 --- [           main] nateCloudServiceBeanFactoryPostProcessor : Auto-reconfiguring beans of type org.springframework.orm.hibernate3.AbstractSessionFactoryBean
   2017-11-13T15:34:16.18+0200 [APP/PROC/WEB/0] OUT 2017-11-13 13:34:16.184  INFO 12 --- [           main] nateCloudServiceBeanFactoryPostProcessor : Auto-reconfiguring beans of type org.springframework.orm.hibernate4.LocalSessionFactoryBean
   2017-11-13T15:34:16.18+0200 [APP/PROC/WEB/0] OUT 2017-11-13 13:34:16.185  INFO 12 --- [           main] .JpaCloudServiceBeanFactoryPostProcessor : Auto-reconfiguring beans of type org.springframework.orm.jpa.AbstractEntityManagerFactoryBean
   2017-11-13T15:34:17.45+0200 [APP/PROC/WEB/0] OUT 2017-11-13 13:34:17.457  INFO 12 --- [           main] s.b.c.e.t.TomcatEmbeddedServletContainer : Tomcat initialized with port(s): 8080 (http)
   2017-11-13T15:34:17.50+0200 [APP/PROC/WEB/0] OUT 2017-11-13 13:34:17.500  INFO 12 --- [           main] o.apache.catalina.core.StandardService   : Starting service [Tomcat]
   2017-11-13T15:34:17.50+0200 [APP/PROC/WEB/0] OUT 2017-11-13 13:34:17.502  INFO 12 --- [           main] org.apache.catalina.core.StandardEngine  : Starting Servlet Engine: Apache Tomcat/8.5.23
   2017-11-13T15:34:17.69+0200 [APP/PROC/WEB/0] OUT 2017-11-13 13:34:17.692  INFO 12 --- [ost-startStop-1] o.a.c.c.C.[Tomcat].[localhost].[/]       : Initializing Spring embedded WebApplicationContext
   2017-11-13T15:34:17.69+0200 [APP/PROC/WEB/0] OUT 2017-11-13 13:34:17.692  INFO 12 --- [ost-startStop-1] o.s.web.context.ContextLoader            : Root WebApplicationContext: initialization completed in 4646 ms
   2017-11-13T15:34:18.06+0200 [APP/PROC/WEB/0] OUT 2017-11-13 13:34:18.061  INFO 12 --- [ost-startStop-1] o.s.b.w.servlet.FilterRegistrationBean   : Mapping filter: 'clientCertificateMapper' to: [/*]
   2017-11-13T15:34:18.06+0200 [APP/PROC/WEB/0] OUT 2017-11-13 13:34:18.067  INFO 12 --- [ost-startStop-1] o.s.b.w.servlet.FilterRegistrationBean   : Mapping filter: 'characterEncodingFilter' to: [/*]
   2017-11-13T15:34:18.06+0200 [APP/PROC/WEB/0] OUT 2017-11-13 13:34:18.067  INFO 12 --- [ost-startStop-1] o.s.b.w.servlet.FilterRegistrationBean   : Mapping filter: 'hiddenHttpMethodFilter' to: [/*]
   2017-11-13T15:34:18.06+0200 [APP/PROC/WEB/0] OUT 2017-11-13 13:34:18.067  INFO 12 --- [ost-startStop-1] o.s.b.w.servlet.FilterRegistrationBean   : Mapping filter: 'httpPutFormContentFilter' to: [/*]
   2017-11-13T15:34:18.06+0200 [APP/PROC/WEB/0] OUT 2017-11-13 13:34:18.067  INFO 12 --- [ost-startStop-1] o.s.b.w.servlet.FilterRegistrationBean   : Mapping filter: 'requestContextFilter' to: [/*]
   2017-11-13T15:34:18.06+0200 [APP/PROC/WEB/0] OUT 2017-11-13 13:34:18.068  INFO 12 --- [ost-startStop-1] o.s.b.w.servlet.ServletRegistrationBean  : Mapping servlet: 'dispatcherServlet' to [/]
   2017-11-13T15:34:18.22+0200 [APP/PROC/WEB/0] OUT 2017-11-13 13:34:18.222  INFO 12 --- [           main] o.f.core.internal.util.VersionPrinter    : Flyway 3.2.1 by Boxfuse
   2017-11-13T15:34:18.23+0200 [APP/PROC/WEB/0] OUT 2017-11-13 13:34:18.231  WARN 12 --- [           main] o.a.tomcat.jdbc.pool.ConnectionPool      : maxIdle is larger than maxActive, setting maxIdle to: 4
   2017-11-13T15:34:18.54+0200 [APP/PROC/WEB/0] OUT 2017-11-13 13:34:18.542  WARN 12 --- [           main] ationConfigEmbeddedWebApplicationContext : Exception encountered during context initialization - cancelling refresh attempt: org.springframework.beans.factory.BeanCreationException: Error creating bean with name 'flywayInitializer' defined in class path resource [org/springframework/boot/autoconfigure/flyway/FlywayAutoConfiguration$FlywayConfiguration.class]: Invocation of init method failed; nested exception is org.flywaydb.core.api.FlywayException: Unable to obtain Jdbc connection from DataSource
   2017-11-13T15:34:18.54+0200 [APP/PROC/WEB/0] OUT 2017-11-13 13:34:18.545  INFO 12 --- [           main] o.apache.catalina.core.StandardService   : Stopping service [Tomcat]
   2017-11-13T15:34:18.56+0200 [APP/PROC/WEB/0] OUT 2017-11-13 13:34:18.560  INFO 12 --- [           main] utoConfigurationReportLoggingInitializer : 
   2017-11-13T15:34:18.56+0200 [APP/PROC/WEB/0] OUT Error starting ApplicationContext. To display the auto-configuration report re-run your application with 'debug' enabled.
   2017-11-13T15:34:18.57+0200 [APP/PROC/WEB/0] OUT 2017-11-13 13:34:18.570 ERROR 12 --- [           main] o.s.boot.SpringApplication               : Application startup failed
   2017-11-13T15:34:18.57+0200 [APP/PROC/WEB/0] OUT org.springframework.beans.factory.BeanCreationException: Error creating bean with name 'flywayInitializer' defined in class path resource [org/springframework/boot/autoconfigure/flyway/FlywayAutoConfiguration$FlywayConfiguration.class]: Invocation of init method failed; nested exception is org.flywaydb.core.api.FlywayException: Unable to obtain Jdbc connection from DataSource
   2017-11-13T15:34:18.57+0200 [APP/PROC/WEB/0] OUT 	at org.springframework.beans.factory.support.AbstractAutowireCapableBeanFactory.initializeBean(AbstractAutowireCapableBeanFactory.java:1628) ~[spring-beans-4.3.12.RELEASE.jar!/:4.3.12.RELEASE]
   2017-11-13T15:34:18.57+0200 [APP/PROC/WEB/0] OUT 	at org.springframework.beans.factory.support.AbstractAutowireCapableBeanFactory.doCreateBean(AbstractAutowireCapableBeanFactory.java:555) ~[spring-beans-4.3.12.RELEASE.jar!/:4.3.12.RELEASE]
   2017-11-13T15:34:18.57+0200 [APP/PROC/WEB/0] OUT 	at org.springframework.beans.factory.support.AbstractAutowireCapableBeanFactory.createBean(AbstractAutowireCapableBeanFactory.java:483) ~[spring-beans-4.3.12.RELEASE.jar!/:4.3.12.RELEASE]
   2017-11-13T15:34:18.57+0200 [APP/PROC/WEB/0] OUT 	at org.springframework.beans.factory.support.AbstractBeanFactory$1.getObject(AbstractBeanFactory.java:306) ~[spring-beans-4.3.12.RELEASE.jar!/:4.3.12.RELEASE]
   2017-11-13T15:34:18.57+0200 [APP/PROC/WEB/0] OUT 	at org.springframework.beans.factory.support.DefaultSingletonBeanRegistry.getSingleton(DefaultSingletonBeanRegistry.java:230) ~[spring-beans-4.3.12.RELEASE.jar!/:4.3.12.RELEASE]
   2017-11-13T15:34:18.57+0200 [APP/PROC/WEB/0] OUT 	at org.springframework.beans.factory.support.AbstractBeanFactory.doGetBean(AbstractBeanFactory.java:302) ~[spring-beans-4.3.12.RELEASE.jar!/:4.3.12.RELEASE]
   2017-11-13T15:34:18.57+0200 [APP/PROC/WEB/0] OUT 	at org.springframework.beans.factory.support.AbstractBeanFactory.getBean(AbstractBeanFactory.java:197) ~[spring-beans-4.3.12.RELEASE.jar!/:4.3.12.RELEASE]
   2017-11-13T15:34:18.57+0200 [APP/PROC/WEB/0] OUT 	at org.springframework.beans.factory.support.AbstractBeanFactory.doGetBean(AbstractBeanFactory.java:296) ~[spring-beans-4.3.12.RELEASE.jar!/:4.3.12.RELEASE]
   2017-11-13T15:34:18.57+0200 [APP/PROC/WEB/0] OUT 	at org.springframework.beans.factory.support.AbstractBeanFactory.getBean(AbstractBeanFactory.java:197) ~[spring-beans-4.3.12.RELEASE.jar!/:4.3.12.RELEASE]
   2017-11-13T15:34:18.57+0200 [APP/PROC/WEB/0] OUT 	at org.springframework.context.support.AbstractApplicationContext.getBean(AbstractApplicationContext.java:1078) ~[spring-context-4.3.12.RELEASE.jar!/:4.3.12.RELEASE]
   2017-11-13T15:34:18.57+0200 [APP/PROC/WEB/0] OUT 	at org.springframework.context.support.AbstractApplicationContext.finishBeanFactoryInitialization(AbstractApplicationContext.java:857) ~[spring-context-4.3.12.RELEASE.jar!/:4.3.12.RELEASE]
   2017-11-13T15:34:18.57+0200 [APP/PROC/WEB/0] OUT 	at org.springframework.context.support.AbstractApplicationContext.refresh(AbstractApplicationContext.java:543) ~[spring-context-4.3.12.RELEASE.jar!/:4.3.12.RELEASE]
   2017-11-13T15:34:18.57+0200 [APP/PROC/WEB/0] OUT 	at org.springframework.boot.context.embedded.EmbeddedWebApplicationContext.refresh(EmbeddedWebApplicationContext.java:122) ~[spring-boot-1.5.8.RELEASE.jar!/:1.5.8.RELEASE]
   2017-11-13T15:34:18.57+0200 [APP/PROC/WEB/0] OUT 	at org.springframework.boot.SpringApplication.refresh(SpringApplication.java:693) [spring-boot-1.5.8.RELEASE.jar!/:1.5.8.RELEASE]
   2017-11-13T15:34:18.57+0200 [APP/PROC/WEB/0] OUT 	at org.springframework.boot.SpringApplication.refreshContext(SpringApplication.java:360) [spring-boot-1.5.8.RELEASE.jar!/:1.5.8.RELEASE]
   2017-11-13T15:34:18.57+0200 [APP/PROC/WEB/0] OUT 	at org.springframework.boot.SpringApplication.run(SpringApplication.java:303) [spring-boot-1.5.8.RELEASE.jar!/:1.5.8.RELEASE]
   2017-11-13T15:34:18.57+0200 [APP/PROC/WEB/0] OUT 	at org.springframework.boot.SpringApplication.run(SpringApplication.java:1118) [spring-boot-1.5.8.RELEASE.jar!/:1.5.8.RELEASE]
   2017-11-13T15:34:18.57+0200 [APP/PROC/WEB/0] OUT 	at org.springframework.boot.SpringApplication.run(SpringApplication.java:1107) [spring-boot-1.5.8.RELEASE.jar!/:1.5.8.RELEASE]
   2017-11-13T15:34:18.57+0200 [APP/PROC/WEB/0] OUT 	at com.github.kalev181.app.StockSpringBootStarter.main(StockSpringBootStarter.java:9) [classes/:na]
   2017-11-13T15:34:18.57+0200 [APP/PROC/WEB/0] OUT 	at sun.reflect.NativeMethodAccessorImpl.invoke0(Native Method) ~[na:1.8.0_141]
   2017-11-13T15:34:18.57+0200 [APP/PROC/WEB/0] OUT 	at sun.reflect.NativeMethodAccessorImpl.invoke(NativeMethodAccessorImpl.java:62) ~[na:1.8.0_141]
   2017-11-13T15:34:18.57+0200 [APP/PROC/WEB/0] OUT 	at sun.reflect.DelegatingMethodAccessorImpl.invoke(DelegatingMethodAccessorImpl.java:43) ~[na:1.8.0_141]
   2017-11-13T15:34:18.57+0200 [APP/PROC/WEB/0] OUT 	at java.lang.reflect.Method.invoke(Method.java:498) ~[na:1.8.0_141]
   2017-11-13T15:34:18.57+0200 [APP/PROC/WEB/0] OUT 	at org.springframework.boot.loader.MainMethodRunner.run(MainMethodRunner.java:48) [app/:na]
   2017-11-13T15:34:18.57+0200 [APP/PROC/WEB/0] OUT 	at org.springframework.boot.loader.Launcher.launch(Launcher.java:87) [app/:na]
   2017-11-13T15:34:18.57+0200 [APP/PROC/WEB/0] OUT 	at org.springframework.boot.loader.Launcher.launch(Launcher.java:50) [app/:na]
   2017-11-13T15:34:18.57+0200 [APP/PROC/WEB/0] OUT 	at org.springframework.boot.loader.JarLauncher.main(JarLauncher.java:51) [app/:na]
   2017-11-13T15:34:18.57+0200 [APP/PROC/WEB/0] OUT Caused by: org.flywaydb.core.api.FlywayException: Unable to obtain Jdbc connection from DataSource
   2017-11-13T15:34:18.57+0200 [APP/PROC/WEB/0] OUT 	at org.flywaydb.core.internal.util.jdbc.JdbcUtils.openConnection(JdbcUtils.java:56) ~[flyway-core-3.2.1.jar!/:na]
   2017-11-13T15:34:18.57+0200 [APP/PROC/WEB/0] OUT 	at org.flywaydb.core.Flyway.execute(Flyway.java:1385) ~[flyway-core-3.2.1.jar!/:na]
   2017-11-13T15:34:18.57+0200 [APP/PROC/WEB/0] OUT 	at org.flywaydb.core.Flyway.migrate(Flyway.java:1006) ~[flyway-core-3.2.1.jar!/:na]
   2017-11-13T15:34:18.57+0200 [APP/PROC/WEB/0] OUT 	at org.springframework.boot.autoconfigure.flyway.FlywayMigrationInitializer.afterPropertiesSet(FlywayMigrationInitializer.java:66) ~[spring-boot-autoconfigure-1.5.8.RELEASE.jar!/:1.5.8.RELEASE]
   2017-11-13T15:34:18.57+0200 [APP/PROC/WEB/0] OUT 	at org.springframework.beans.factory.support.AbstractAutowireCapableBeanFactory.invokeInitMethods(AbstractAutowireCapableBeanFactory.java:1687) ~[spring-beans-4.3.12.RELEASE.jar!/:4.3.12.RELEASE]
   2017-11-13T15:34:18.57+0200 [APP/PROC/WEB/0] OUT 	at org.springframework.beans.factory.support.AbstractAutowireCapableBeanFactory.initializeBean(AbstractAutowireCapableBeanFactory.java:1624) ~[spring-beans-4.3.12.RELEASE.jar!/:4.3.12.RELEASE]
   2017-11-13T15:34:18.57+0200 [APP/PROC/WEB/0] OUT 	... 26 common frames omitted
   2017-11-13T15:34:18.57+0200 [APP/PROC/WEB/0] OUT Caused by: com.mysql.jdbc.exceptions.jdbc4.MySQLSyntaxErrorException: User 'b41df7f008027e' has exceeded the 'max_user_connections' resource (current value: 4)
   2017-11-13T15:34:18.57+0200 [APP/PROC/WEB/0] OUT 	at sun.reflect.NativeConstructorAccessorImpl.newInstance0(Native Method) ~[na:1.8.0_141]
   2017-11-13T15:34:18.57+0200 [APP/PROC/WEB/0] OUT 	at sun.reflect.NativeConstructorAccessorImpl.newInstance(NativeConstructorAccessorImpl.java:62) ~[na:1.8.0_141]
   2017-11-13T15:34:18.57+0200 [APP/PROC/WEB/0] OUT 	at sun.reflect.DelegatingConstructorAccessorImpl.newInstance(DelegatingConstructorAccessorImpl.java:45) ~[na:1.8.0_141]
   2017-11-13T15:34:18.57+0200 [APP/PROC/WEB/0] OUT 	at java.lang.reflect.Constructor.newInstance(Constructor.java:423) ~[na:1.8.0_141]
   2017-11-13T15:34:18.57+0200 [APP/PROC/WEB/0] OUT 	at com.mysql.jdbc.Util.handleNewInstance(Util.java:425) ~[mysql-connector-java-5.1.44.jar!/:5.1.44]
   2017-11-13T15:34:18.57+0200 [APP/PROC/WEB/0] OUT 	at com.mysql.jdbc.Util.getInstance(Util.java:408) ~[mysql-connector-java-5.1.44.jar!/:5.1.44]
   2017-11-13T15:34:18.57+0200 [APP/PROC/WEB/0] OUT 	at com.mysql.jdbc.SQLError.createSQLException(SQLError.java:943) ~[mysql-connector-java-5.1.44.jar!/:5.1.44]
   2017-11-13T15:34:18.57+0200 [APP/PROC/WEB/0] OUT 	at com.mysql.jdbc.MysqlIO.checkErrorPacket(MysqlIO.java:3973) ~[mysql-connector-java-5.1.44.jar!/:5.1.44]
   2017-11-13T15:34:18.57+0200 [APP/PROC/WEB/0] OUT 	at com.mysql.jdbc.MysqlIO.checkErrorPacket(MysqlIO.java:3909) ~[mysql-connector-java-5.1.44.jar!/:5.1.44]
   2017-11-13T15:34:18.57+0200 [APP/PROC/WEB/0] OUT 	at com.mysql.jdbc.MysqlIO.checkErrorPacket(MysqlIO.java:873) ~[mysql-connector-java-5.1.44.jar!/:5.1.44]
   2017-11-13T15:34:18.57+0200 [APP/PROC/WEB/0] OUT 	at com.mysql.jdbc.MysqlIO.proceedHandshakeWithPluggableAuthentication(MysqlIO.java:1710) ~[mysql-connector-java-5.1.44.jar!/:5.1.44]
   2017-11-13T15:34:18.57+0200 [APP/PROC/WEB/0] OUT 	at com.mysql.jdbc.MysqlIO.doHandshake(MysqlIO.java:1226) ~[mysql-connector-java-5.1.44.jar!/:5.1.44]
   2017-11-13T15:34:18.57+0200 [APP/PROC/WEB/0] OUT 	at com.mysql.jdbc.ConnectionImpl.coreConnect(ConnectionImpl.java:2191) ~[mysql-connector-java-5.1.44.jar!/:5.1.44]
   2017-11-13T15:34:18.57+0200 [APP/PROC/WEB/0] OUT 	at com.mysql.jdbc.ConnectionImpl.connectOneTryOnly(ConnectionImpl.java:2222) ~[mysql-connector-java-5.1.44.jar!/:5.1.44]
   2017-11-13T15:34:18.57+0200 [APP/PROC/WEB/0] OUT 	at com.mysql.jdbc.ConnectionImpl.createNewIO(ConnectionImpl.java:2017) ~[mysql-connector-java-5.1.44.jar!/:5.1.44]
   2017-11-13T15:34:18.57+0200 [APP/PROC/WEB/0] OUT 	at com.mysql.jdbc.ConnectionImpl.<init>(ConnectionImpl.java:779) ~[mysql-connector-java-5.1.44.jar!/:5.1.44]
   2017-11-13T15:34:18.57+0200 [APP/PROC/WEB/0] OUT 	at com.mysql.jdbc.JDBC4Connection.<init>(JDBC4Connection.java:47) ~[mysql-connector-java-5.1.44.jar!/:5.1.44]
   2017-11-13T15:34:18.57+0200 [APP/PROC/WEB/0] OUT 	at sun.reflect.NativeConstructorAccessorImpl.newInstance0(Native Method) ~[na:1.8.0_141]
   2017-11-13T15:34:18.57+0200 [APP/PROC/WEB/0] OUT 	at sun.reflect.NativeConstructorAccessorImpl.newInstance(NativeConstructorAccessorImpl.java:62) ~[na:1.8.0_141]
   2017-11-13T15:34:18.57+0200 [APP/PROC/WEB/0] OUT 	at sun.reflect.DelegatingConstructorAccessorImpl.newInstance(DelegatingConstructorAccessorImpl.java:45) ~[na:1.8.0_141]
   2017-11-13T15:34:18.57+0200 [APP/PROC/WEB/0] OUT 	at java.lang.reflect.Constructor.newInstance(Constructor.java:423) ~[na:1.8.0_141]
   2017-11-13T15:34:18.57+0200 [APP/PROC/WEB/0] OUT 	at com.mysql.jdbc.Util.handleNewInstance(Util.java:425) ~[mysql-connector-java-5.1.44.jar!/:5.1.44]
   2017-11-13T15:34:18.57+0200 [APP/PROC/WEB/0] OUT 	at com.mysql.jdbc.ConnectionImpl.getInstance(ConnectionImpl.java:389) ~[mysql-connector-java-5.1.44.jar!/:5.1.44]
   2017-11-13T15:34:18.57+0200 [APP/PROC/WEB/0] OUT 	at com.mysql.jdbc.NonRegisteringDriver.connect(NonRegisteringDriver.java:330) ~[mysql-connector-java-5.1.44.jar!/:5.1.44]
   2017-11-13T15:34:18.57+0200 [APP/PROC/WEB/0] OUT 	at org.apache.tomcat.jdbc.pool.PooledConnection.connectUsingDriver(PooledConnection.java:310) ~[tomcat-jdbc-8.5.23.jar!/:na]
   2017-11-13T15:34:18.57+0200 [APP/PROC/WEB/0] OUT 	at org.apache.tomcat.jdbc.pool.PooledConnection.connect(PooledConnection.java:203) ~[tomcat-jdbc-8.5.23.jar!/:na]
   2017-11-13T15:34:18.57+0200 [APP/PROC/WEB/0] OUT 	at org.apache.tomcat.jdbc.pool.ConnectionPool.createConnection(ConnectionPool.java:735) ~[tomcat-jdbc-8.5.23.jar!/:na]
   2017-11-13T15:34:18.57+0200 [APP/PROC/WEB/0] OUT 	at org.apache.tomcat.jdbc.pool.ConnectionPool.borrowConnection(ConnectionPool.java:667) ~[tomcat-jdbc-8.5.23.jar!/:na]
   2017-11-13T15:34:18.57+0200 [APP/PROC/WEB/0] OUT 	at org.apache.tomcat.jdbc.pool.ConnectionPool.getConnection(ConnectionPool.java:198) ~[tomcat-jdbc-8.5.23.jar!/:na]
   2017-11-13T15:34:18.57+0200 [APP/PROC/WEB/0] OUT 	at org.apache.tomcat.jdbc.pool.DataSourceProxy.getConnection(DataSourceProxy.java:131) ~[tomcat-jdbc-8.5.23.jar!/:na]
   2017-11-13T15:34:18.57+0200 [APP/PROC/WEB/0] OUT 	at org.flywaydb.core.internal.util.jdbc.JdbcUtils.openConnection(JdbcUtils.java:50) ~[flyway-core-3.2.1.jar!/:na]
   2017-11-13T15:34:18.57+0200 [APP/PROC/WEB/0] OUT 	... 31 common frames omitted
   2017-11-13T15:34:18.59+0200 [APP/PROC/WEB/0] OUT Exit status 1
   2017-11-13T15:34:18.60+0200 [CELL/SSHD/0] OUT Exit status 0
   2017-11-13T15:34:18.71+0200 [CELL/0] OUT Stopping instance e3b56feb-3e54-410e-4101-aa42
   2017-11-13T15:34:18.71+0200 [CELL/0] OUT Destroying container
   2017-11-13T15:34:18.72+0200 [API/23] OUT Process has crashed with type: "web"
   2017-11-13T15:34:18.73+0200 [API/23] OUT App instance exited with guid 517b00f1-2d92-418e-b7d1-d1463d4bca94 payload: {"instance"=>"e3b56feb-3e54-410e-4101-aa42", "index"=>0, "reason"=>"CRASHED", "exit_description"=>"APP/PROC/WEB: Exited with status 1", "crash_count"=>3, "crash_timestamp"=>1510580058612898489, "version"=>"07ea5584-c898-4353-929d-b8345661f603"}
   2017-11-13T15:34:19.65+0200 [CELL/0] OUT Successfully destroyed container
